\BOOKMARK [0][-]{section*.1}{\376\377\000L\036\335\000i\000\040\000c\036\243\000m\000\040\001\241\000n}{}% 1
\BOOKMARK [0][-]{chapter*.3}{\376\377\000D\000a\000n\000h\000\040\000s\000\341\000c\000h\000\040\000h\000\354\000n\000h\000\040\000v\036\275}{}% 2
\BOOKMARK [0][-]{chapter*.4}{\376\377\000D\000a\000n\000h\000\040\000s\000\341\000c\000h\000\040\000b\000a\000n\000g}{}% 3
\BOOKMARK [0][-]{chapter*.5}{\376\377\000D\000a\000n\000h\000\040\000s\000\341\000c\000h\000\040\000t\000\352\000n\000\040\000v\000i\036\277\000t\000\040\000t\036\257\000t}{}% 4
\BOOKMARK [0][-]{chapter*.6}{\376\377\000D\000a\000n\000h\000\040\000s\000\341\000c\000h\000\040\000k\000\375\000\040\000h\000i\036\307\000u}{}% 5
\BOOKMARK [0][-]{chapter*.7}{\376\377\000M\036\336\000\040\001\020\036\246\000U}{}% 6
\BOOKMARK [0][-]{chapter*.8}{\376\377\000G\000I\036\332\000I\000\040\000T\000H\000I\036\306\000U\000\040\000C\000H\000U\000N\000G}{}% 7
\BOOKMARK [1][-]{section*.9}{\376\377\000G\000i\036\333\000i\000\040\000t\000h\000i\036\307\000u\000\040\000v\036\301\000\040\000c\036\335\000\040\000C\000a\000r\000o}{chapter*.8}% 8
\BOOKMARK [2][-]{subsection*.10}{\376\377\000T\036\325\000n\000g\000\040\000q\000u\000a\000n\000\040\000v\036\301\000\040\000t\000r\000\362\000\040\000c\000h\001\241\000i}{section*.9}% 9
\BOOKMARK [2][-]{subsection*.11}{\376\377\000L\000u\036\255\000t\000\040\000c\000h\001\241\000i\000\040\000v\000\340\000\040\001\021\000i\036\301\000u\000\040\000k\000i\036\307\000n\000\040\000c\000h\000i\036\277\000n\000\040\000t\000h\036\257\000n\000g}{section*.9}% 10
\BOOKMARK [2][-]{subsection*.12}{\376\377\000T\000h\000\341\000c\000h\000\040\000t\000h\036\351\000c\000\040\000k\036\371\000\040\000t\000h\000u\036\255\000t\000\040\000v\000\340\000\040\000b\000\340\000i\000\040\000t\000o\000\341\000n\000\040\000b\000\371\000n\000g\000\040\000n\036\325\000\040\000t\036\325\000\040\000h\036\343\000p}{section*.9}% 11
\BOOKMARK [1][-]{section*.13}{\376\377\000M\036\345\000c\000\040\000t\000i\000\352\000u\000\040\000c\036\347\000a\000\040\001\021\036\301\000\040\000t\000\340\000i}{chapter*.8}% 12
\BOOKMARK [1][-]{section*.14}{\376\377\000P\000h\036\241\000m\000\040\000v\000i\000\040\000n\000g\000h\000i\000\352\000n\000\040\000c\036\351\000u}{chapter*.8}% 13
\BOOKMARK [0][-]{chapter*.15}{\376\377\000C\001\240\000\040\000S\036\336\000\040\000L\000\335\000\040\000T\000H\000U\000Y\036\276\000T}{}% 14
\BOOKMARK [1][-]{section*.16}{\376\377\000T\000\354\000m\000\040\000k\000i\036\277\000m\000\040\001\021\036\321\000i\000\040\000k\000h\000\341\000n\000g}{chapter*.15}% 15
\BOOKMARK [2][-]{subsection*.17}{\376\377\000L\000\375\000\040\000t\000h\000u\000y\036\277\000t\000\040\000t\000r\000\362\000\040\000c\000h\001\241\000i}{section*.16}% 16
\BOOKMARK [2][-]{subsection*.18}{\376\377\000M\000\364\000\040\000h\000\354\000n\000h\000\040\000h\000\363\000a\000\040\000c\036\335\000\040\000C\000a\000r\000o\000\040\000b\036\261\000n\000g\000\040\000C\000\342\000y\000\040\000t\000r\000\362\000\040\000c\000h\001\241\000i}{section*.16}% 17
\BOOKMARK [1][-]{section*.20}{\376\377\000T\000h\000u\036\255\000t\000\040\000t\000o\000\341\000n\000\040\000t\000\354\000m\000\040\000k\000i\036\277\000m\000\040\000M\000i\000n\000i\000m\000a\000x}{chapter*.15}% 18
\BOOKMARK [1][-]{section*.27}{\376\377\000T\000h\000u\036\255\000t\000\040\000t\000o\000\341\000n\000\040\000c\036\257\000t\000\040\000t\036\311\000a\000\040\000\040\000-\000\040}{chapter*.15}% 19
\BOOKMARK [1][-]{section*.31}{\376\377\000G\000i\036\333\000i\000\040\000h\036\241\000n\000\040\001\021\036\331\000\040\000s\000\342\000u\000\040\000v\000\340\000\040\000H\000\340\000m\000\040\001\021\000\341\000n\000h\000\040\000g\000i\000\341\000\040\000t\001\051\000n\000h}{chapter*.15}% 20
\BOOKMARK [2][-]{subsection*.32}{\376\377\000G\000i\036\333\000i\000\040\000h\036\241\000n\000\040\001\021\036\331\000\040\000s\000\342\000u}{section*.31}% 21
\BOOKMARK [2][-]{subsection*.33}{\376\377\000H\000\340\000m\000\040\001\021\000\341\000n\000h\000\040\000g\000i\000\341}{section*.31}% 22
\BOOKMARK [1][-]{section*.35}{\376\377\000H\036\323\000i\000\040\000q\000u\000y\000\040\000L\000o\000g\000i\000s\000t\000i\000c}{chapter*.15}% 23
\BOOKMARK [0][-]{chapter*.38}{\376\377\000K\000I\036\276\000N\000\040\000T\000R\000\332\000C\000\040\000V\000\300\000\040\000T\000H\000I\036\276\000T\000\040\000K\036\276\000\040\000H\036\306\000\040\000T\000H\036\320\000N\000G}{}% 24
\BOOKMARK [1][-]{section*.39}{\376\377\000P\000i\000p\000e\000l\000i\000n\000e\000\040\000t\036\325\000n\000g\000\040\000t\000h\036\303\000\040\000c\036\347\000a\000\040\000d\036\361\000\040\000\341\000n}{chapter*.38}% 25
\BOOKMARK [1][-]{section*.41}{\376\377\000C\000h\000i\000\040\000t\000i\036\277\000t\000\040\000k\000i\036\277\000n\000\040\000t\000r\000\372\000c\000\040\000p\000h\036\247\000n\000\040\000m\036\301\000m\000\040\000v\000\340\000\040\000c\000\340\000i\000\040\001\021\036\267\000t\000\040\000t\000h\000u\036\255\000t\000\040\000t\000o\000\341\000n}{chapter*.38}% 26
\BOOKMARK [2][-]{subsection*.42}{\376\377\000T\000h\000i\036\277\000t\000\040\000k\036\277\000\040\000M\000o\000d\000u\000l\000e}{section*.41}% 27
\BOOKMARK [2][-]{subsection*.43}{\376\377\000Q\000u\036\243\000n\000\040\000l\000\375\000\040\000t\000r\036\241\000n\000g\000\040\000t\000h\000\341\000i\000\040\000v\000\340\000\040\000t\000\355\000n\000h\000\040\000n\001\003\000n\000g\000\040\000b\036\325\000\040\000t\000r\036\343\000\040\000\050\000S\000t\000a\000t\000e\000\040\000M\000a\000n\000a\000g\000e\000m\000e\000n\000t\000\051}{section*.41}% 28
\BOOKMARK [2][-]{subsection*.44}{\376\377\000T\036\321\000i\000\040\001\260\000u\000\040\000h\000\363\000a\000\040\000h\000i\036\307\000u\000\040\000n\001\003\000n\000g\000\040\000b\036\261\000n\000g\000\040\001\020\000a\000\040\000l\000u\036\323\000n\000g\000\040\000\050\000M\000u\000l\000t\000i\000-\000t\000h\000r\000e\000a\000d\000i\000n\000g\000\051}{section*.41}% 29
\BOOKMARK [2][-]{subsection*.45}{\376\377\000C\000\340\000i\000\040\001\021\036\267\000t\000\040\000t\000h\000u\036\255\000t\000\040\000t\000o\000\341\000n\000\040\000h\036\307\000\040\000t\000h\036\321\000n\000g}{section*.41}% 30
\BOOKMARK [3][-]{subsubsection*.46}{\376\377\000T\000h\000i\036\277\000t\000\040\000l\036\255\000p\000\040\000t\000r\036\315\000n\000g\000\040\000s\036\321\000\040\000H\000\340\000m\000\040\001\021\000\341\000n\000h\000\040\000g\000i\000\341}{subsection*.45}% 31
\BOOKMARK [3][-]{subsubsection*.48}{\376\377\000C\001\241\000\040\000c\000h\036\277\000\040\000p\000h\000\342\000n\000\040\000c\036\245\000p\000\040\0003\000\040\000m\036\351\000c\000\040\001\021\036\331\000\040\000k\000h\000\363\000\040\000\050\000B\000O\000T\000\137\000D\000E\000P\000T\000H\000\051}{subsection*.45}% 32
\BOOKMARK [3][-]{subsubsection*.49}{\376\377\000T\000h\000u\036\255\000t\000\040\000t\000o\000\341\000n\000\040\000t\000h\000u\000\040\000h\036\271\000p\000\040\000v\000\371\000n\000g\000\040\000t\000\354\000m\000\040\000k\000i\036\277\000m\000\040\000\050\000g\000e\000t\000\137\000i\000n\000t\000e\000r\000e\000s\000t\000i\000n\000g\000\137\000m\000o\000v\000e\000s\000\051}{subsection*.45}% 33
\BOOKMARK [2][-]{subsection*.54}{\376\377\036\350\000n\000g\000\040\000d\036\345\000n\000g\000\040\000m\000\364\000\040\000h\000\354\000n\000h\000\040\000H\036\323\000i\000\040\000q\000u\000y\000\040\000L\000o\000g\000i\000s\000t\000i\000c\000\040\000t\000r\000o\000n\000g\000\040\000t\036\321\000i\000\040\001\260\000u\000\040\000h\000\363\000a\000\040\000b\036\331\000\040\000t\000r\036\315\000n\000g\000\040\000s\036\321\000\040\000l\001\260\036\343\000n\000g\000\040\000g\000i\000\341}{section*.41}% 34
\BOOKMARK [3][-]{subsubsection*.55}{\376\377\000T\000h\000u\000\040\000t\000h\036\255\000p\000\040\000d\036\357\000\040\000l\000i\036\307\000u\000\040\000v\000\340\000\040\000b\000i\036\303\000u\000\040\000d\000i\036\305\000n\000\040\000k\000h\000\364\000n\000g\000\040\000g\000i\000a\000n\000\040\000v\000e\000c\000t\001\241\000\040\001\021\036\267\000c\000\040\000t\000r\001\260\000n\000g}{subsection*.54}% 35
\BOOKMARK [3][-]{subsubsection*.57}{\376\377\000C\001\241\000\040\000c\000h\036\277\000\040\001\260\036\333\000c\000\040\000l\001\260\036\343\000n\000g\000\040\000x\000\341\000c\000\040\000s\000u\036\245\000t\000\040\000b\036\261\000n\000g\000\040\000h\000\340\000m\000\040\000k\000\355\000c\000h\000\040\000h\000o\036\241\000t\000\040\000p\000h\000i\000\040\000t\000u\000y\036\277\000n}{subsection*.54}% 36
\BOOKMARK [3][-]{subsubsection*.60}{\376\377\000T\036\321\000i\000\040\001\260\000u\000\040\000h\000\363\000a\000\040\000h\000\340\000m\000\040\000m\036\245\000t\000\040\000m\000\341\000t\000\040\000v\000\340\000\040\000t\000r\000\355\000c\000h\000\040\000x\000u\036\245\000t\000\040\001\021\000i\036\303\000m\000\040\000s\036\321\000\040\000H\000e\000u\000r\000i\000s\000t\000i\000c}{subsection*.54}% 37
\BOOKMARK [0][-]{chapter*.64}{\376\377\000K\036\276\000T\000\040\000Q\000U\036\242\000\040\000T\000H\036\360\000C\000\040\000N\000G\000H\000I\036\306\000M\000\040\000V\000\300\000\040\000N\000H\036\254\000N\000\040\000X\000\311\000T}{}% 38
\BOOKMARK [1][-]{section*.65}{\376\377\000K\036\277\000t\000\040\000q\000u\036\243\000\040\000t\000h\000i\036\277\000t\000\040\000k\036\277\000\040\000g\000i\000a\000o\000\040\000d\000i\036\307\000n}{chapter*.64}% 39
\BOOKMARK [1][-]{section*.69}{\376\377\000C\000\341\000c\000\040\000c\000h\036\311\000\040\000s\036\321\000\040\001\021\000\341\000n\000h\000\040\000g\000i\000\341\000\040\000h\000i\036\307\000u\000\040\000n\001\003\000n\000g\000\040\000v\000\340\000\040\000n\001\003\000n\000g\000\040\000l\036\361\000c\000\040\000c\036\347\000a\000\040\000t\000\341\000c\000\040\000t\036\355\000\040\000A\000I}{chapter*.64}% 40
\BOOKMARK [2][-]{subsection*.70}{\376\377\000K\000h\036\243\000o\000\040\000s\000\341\000t\000\040\000c\000h\036\311\000\040\000s\036\321\000\040\000h\000i\036\307\000u\000\040\000n\001\003\000n\000g\000\040\000t\000\355\000n\000h\000\040\000t\000o\000\341\000n\000\040\000t\000h\036\361\000c\000\040\000t\036\277\000\040\000\050\001\020\036\313\000n\000h\000\040\000l\001\260\036\343\000n\000g\000\051}{section*.69}% 41
\BOOKMARK [2][-]{subsection*.73}{\376\377\000K\000h\036\243\000o\000\040\000s\000\341\000t\000\040\000n\001\003\000n\000g\000\040\000l\036\361\000c\000\040\000c\000h\000i\036\277\000n\000\040\000t\000h\000u\036\255\000t\000\040\000q\000u\000a\000\040\001\021\036\321\000i\000\040\000c\000h\000i\036\277\000n\000\040\000g\000i\036\243\000\040\000l\036\255\000p\000\040\000\050\001\020\036\313\000n\000h\000\040\000t\000\355\000n\000h\000\051}{section*.69}% 42
\BOOKMARK [1][-]{section*.77}{\376\377\000H\036\241\000n\000\040\000c\000h\036\277\000\040\000c\036\347\000a\000\040\000h\036\307\000\040\000t\000h\036\321\000n\000g\000\040\000h\000i\036\307\000n\000\040\000t\036\241\000i}{chapter*.64}% 43
\BOOKMARK [0][-]{chapter*.78}{\376\377\000K\036\276\000T\000\040\000L\000U\036\254\000N\000\040\000V\000\300\000\040\000H\001\257\036\332\000N\000G\000\040\000P\000H\000\301\000T\000\040\000T\000R\000I\036\302\000N}{}% 44
\BOOKMARK [1][-]{section*.79}{\376\377\000K\036\277\000t\000\040\000l\000u\036\255\000n}{chapter*.78}% 45
\BOOKMARK [1][-]{section*.80}{\376\377\000H\001\260\036\333\000n\000g\000\040\000p\000h\000\341\000t\000\040\000t\000r\000i\036\303\000n\000\040\000t\000r\000o\000n\000g\000\040\000t\001\260\001\241\000n\000g\000\040\000l\000a\000i}{chapter*.78}% 46
\BOOKMARK [0][-]{chapter*.81}{\376\377\000T\000\340\000i\000\040\000l\000i\036\307\000u\000\040\000t\000h\000a\000m\000\040\000k\000h\036\243\000o}{}% 47
